<?xml version="1.0" encoding="UTF-8"?>
<!-- Generated by org.testng.reporters.JUnitXMLReporter -->
<testsuite ignored="3" hostname="DESKTOP-UUPMMF7" failures="0" tests="1" name="Default test" time="10.992" errors="0" timestamp="2022-01-07T17:02:40 IST">
  <testcase classname="webdriver31.webdriver31" name="UL" time="10.916"/>
  <testcase classname="webdriver31.webdriver31" name="OL" time="0.0">
    <ignored/>
  </testcase> <!-- OL -->
  <testcase classname="webdriver31.webdriver31" name="DragAndDrop2" time="0.0">
    <ignored/>
  </testcase> <!-- DragAndDrop2 -->
  <testcase classname="webdriver31.webdriver31" name="dragAndDrop1" time="0.0">
    <ignored/>
  </testcase> <!-- dragAndDrop1 -->
</testsuite> <!-- Default test -->
